<?xml version="1.0" encoding="UTF-8"?>
<testsuite name="com.phonebook.tests.CreateAccountTests" tests="1" skipped="0" failures="0" errors="0" timestamp="2024-03-04T10:29:36" hostname="MBP-Davit.fritz.box" time="0.653">
  <properties/>
  <testcase name="creatExistedAccountNegativeTest" classname="com.phonebook.tests.CreateAccountTests" time="0.653"/>
  <system-out><![CDATA[11:29:26.500 [Test worker] INFO  com.phonebook.fw.TestBase -- Start test creatExistedAccountNegativeTestwith data: []
11:29:37.217 [Test worker] INFO  com.phonebook.fw.TestBase -- PASSEDcreatExistedAccountNegativeTest
11:29:37.217 [Test worker] INFO  com.phonebook.fw.TestBase -- Stop test
11:29:37.217 [Test worker] INFO  com.phonebook.fw.TestBase -- *********************************************
]]></system-out>
  <system-err><![CDATA[]]></system-err>
</testsuite>
